2023-05-30 19:55:13 INFO  [main][org.springframework.boot.StartupInfoLogger:55] - Starting AssemblyApplication using Java 1.8.0_291 on B-99H90T97-0016.local with PID 72592 (/Users/xurui/Project/gamll/assembly/target/classes started by xurui in /Users/xurui/Project/gamll)
2023-05-30 19:55:13 INFO  [main][org.springframework.boot.SpringApplication:637] - The following 1 profile is active: "dev"
2023-05-30 19:55:15 INFO  [main][org.apache.juli.logging.DirectJDKLog:173] - Initializing ProtocolHandler ["http-nio-8081"]
2023-05-30 19:55:15 INFO  [main][org.apache.juli.logging.DirectJDKLog:173] - Starting service [Tomcat]
2023-05-30 19:55:15 INFO  [main][org.apache.juli.logging.DirectJDKLog:173] - Starting Servlet engine: [Apache Tomcat/9.0.75]
2023-05-30 19:55:16 INFO  [main][org.apache.juli.logging.DirectJDKLog:173] - Initializing Spring embedded WebApplicationContext
2023-05-30 19:55:17 INFO  [main][springfox.documentation.spring.web.PropertySourcedRequestMappingHandlerMapping:69] - Mapped URL path [/v2/api-docs] onto method [springfox.documentation.swagger2.web.Swagger2Controller#getDocumentation(String, HttpServletRequest)]
2023-05-30 19:55:17 INFO  [main][org.apache.juli.logging.DirectJDKLog:173] - Starting ProtocolHandler ["http-nio-8081"]
2023-05-30 19:55:17 INFO  [main][springfox.documentation.spring.web.plugins.DocumentationPluginsBootstrapper:151] - Context refreshed
2023-05-30 19:55:17 INFO  [main][springfox.documentation.spring.web.plugins.DocumentationPluginsBootstrapper:154] - Found 1 custom documentation plugin(s)
2023-05-30 19:55:18 INFO  [main][springfox.documentation.spring.web.scanners.ApiListingReferenceScanner:41] - Scanning for api listing references
2023-05-30 19:55:18 INFO  [main][org.springframework.boot.StartupInfoLogger:61] - Started AssemblyApplication in 5.023 seconds (JVM running for 8.015)
2023-05-30 21:10:43 INFO  [SpringApplicationShutdownHook][com.alibaba.druid.pool.DruidDataSource:2043] - {dataSource-0} closing ...
2023-05-30 21:10:52 INFO  [main][org.springframework.boot.StartupInfoLogger:55] - Starting AssemblyApplication using Java 1.8.0_291 on B-99H90T97-0016.local with PID 87558 (/Users/xurui/Project/gamll/assembly/target/classes started by xurui in /Users/xurui/Project/gamll)
2023-05-30 21:10:53 INFO  [main][org.springframework.boot.SpringApplication:637] - The following 1 profile is active: "dev"
2023-05-30 21:10:54 INFO  [main][org.apache.juli.logging.DirectJDKLog:173] - Initializing ProtocolHandler ["http-nio-8081"]
2023-05-30 21:10:54 INFO  [main][org.apache.juli.logging.DirectJDKLog:173] - Starting service [Tomcat]
2023-05-30 21:10:54 INFO  [main][org.apache.juli.logging.DirectJDKLog:173] - Starting Servlet engine: [Apache Tomcat/9.0.75]
2023-05-30 21:10:55 INFO  [main][org.apache.juli.logging.DirectJDKLog:173] - Initializing Spring embedded WebApplicationContext
2023-05-30 21:10:56 INFO  [main][springfox.documentation.spring.web.PropertySourcedRequestMappingHandlerMapping:69] - Mapped URL path [/v2/api-docs] onto method [springfox.documentation.swagger2.web.Swagger2Controller#getDocumentation(String, HttpServletRequest)]
2023-05-30 21:10:57 INFO  [main][org.apache.juli.logging.DirectJDKLog:173] - Starting ProtocolHandler ["http-nio-8081"]
2023-05-30 21:10:57 INFO  [main][springfox.documentation.spring.web.plugins.DocumentationPluginsBootstrapper:151] - Context refreshed
2023-05-30 21:10:57 INFO  [main][springfox.documentation.spring.web.plugins.DocumentationPluginsBootstrapper:154] - Found 1 custom documentation plugin(s)
2023-05-30 21:10:57 INFO  [main][springfox.documentation.spring.web.scanners.ApiListingReferenceScanner:41] - Scanning for api listing references
2023-05-30 21:10:57 INFO  [main][org.springframework.boot.StartupInfoLogger:61] - Started AssemblyApplication in 5.09 seconds (JVM running for 6.167)
2023-05-30 21:11:02 INFO  [http-nio-8081-exec-1][org.apache.juli.logging.DirectJDKLog:173] - Initializing Spring DispatcherServlet 'dispatcherServlet'
2023-05-30 21:11:42 INFO  [http-nio-8081-exec-7][com.alibaba.druid.pool.DruidDataSource:990] - {dataSource-1} inited
